2022-02-08 19:49:43,427 - Log4JLogChute initialized using file 'target\velocity.log'
2022-02-08 19:49:43,430 - The version of log4j being used does not support the "trace" level.
2022-02-08 19:49:43,431 - Initializing Velocity, Calling init()...
2022-02-08 19:49:43,432 - *******************************************************************
2022-02-08 19:49:43,432 - Starting Apache Velocity v1.7 (compiled: 2010-11-19 12:14:37)
2022-02-08 19:49:43,432 - RuntimeInstance initializing.
2022-02-08 19:49:43,432 - Default Properties File: org\apache\velocity\runtime\defaults\velocity.properties
2022-02-08 19:49:43,432 - Trying to use logger class org.apache.velocity.runtime.log.AvalonLogChute
2022-02-08 19:49:43,433 - Target log system for org.apache.velocity.runtime.log.AvalonLogChute is not available (java.lang.NoClassDefFoundError: org/apache/log/format/Formatter).  Falling back to next log system...
2022-02-08 19:49:43,434 - Trying to use logger class org.apache.velocity.runtime.log.Log4JLogChute
2022-02-08 19:49:43,434 - Using logger class org.apache.velocity.runtime.log.Log4JLogChute
2022-02-08 19:49:43,438 - Default ResourceManager initializing. (class org.apache.velocity.runtime.resource.ResourceManagerImpl)
2022-02-08 19:49:43,440 - ResourceLoader instantiated: org.apache.velocity.runtime.resource.loader.ClasspathResourceLoader
2022-02-08 19:49:43,441 - ClasspathResourceLoader : initialization complete.
2022-02-08 19:49:43,467 - ResourceCache: initialized (class org.apache.velocity.runtime.resource.ResourceCacheImpl) with class java.util.Collections$SynchronizedMap cache map.
2022-02-08 19:49:43,467 - Default ResourceManager initialization complete.
2022-02-08 19:49:43,471 - Loaded System Directive: org.apache.velocity.runtime.directive.Stop
2022-02-08 19:49:43,475 - Loaded System Directive: org.apache.velocity.runtime.directive.Define
2022-02-08 19:49:43,476 - Loaded System Directive: org.apache.velocity.runtime.directive.Break
2022-02-08 19:49:43,478 - Loaded System Directive: org.apache.velocity.runtime.directive.Evaluate
2022-02-08 19:49:43,480 - Loaded System Directive: org.apache.velocity.runtime.directive.Literal
2022-02-08 19:49:43,483 - Loaded System Directive: org.apache.velocity.runtime.directive.Macro
2022-02-08 19:49:43,485 - Loaded System Directive: org.apache.velocity.runtime.directive.Parse
2022-02-08 19:49:43,487 - Loaded System Directive: org.apache.velocity.runtime.directive.Include
2022-02-08 19:49:43,489 - Loaded System Directive: org.apache.velocity.runtime.directive.Foreach
2022-02-08 19:49:43,549 - Created '20' parsers.
2022-02-08 19:49:43,564 - Velocimacro : initialization starting.
2022-02-08 19:49:43,565 - Velocimacro : "velocimacro.library" is not set.  Trying default library: VM_global_library.vm
2022-02-08 19:49:43,566 - Could not load resource 'VM_global_library.vm' from ResourceLoader org.apache.velocity.runtime.resource.loader.ClasspathResourceLoader: ClasspathResourceLoader Error: cannot find resource VM_global_library.vm
2022-02-08 19:49:43,567 - Velocimacro : Default library not found.
2022-02-08 19:49:43,567 - Velocimacro : allowInline = true : VMs can be defined inline in templates
2022-02-08 19:49:43,567 - Velocimacro : allowInlineToOverride = false : VMs defined inline may NOT replace previous VM definitions
2022-02-08 19:49:43,567 - Velocimacro : allowInlineLocal = false : VMs defined inline will be global in scope if allowed.
2022-02-08 19:49:43,567 - Velocimacro : autoload off : VM system will not automatically reload global library macros
2022-02-08 19:49:43,567 - Velocimacro : Velocimacro : initialization complete.
2022-02-08 19:49:43,567 - RuntimeInstance successfully initialized.
2022-02-08 19:49:43,827 - ResourceManager : found templates/generators/errorpage.vm with loader org.apache.velocity.runtime.resource.loader.ClasspathResourceLoader
2022-02-08 19:49:43,836 - ResourceManager : found /templates/headers.vm with loader org.apache.velocity.runtime.resource.loader.ClasspathResourceLoader
2022-02-08 19:49:43,838 - ResourceManager : found /templates/head.vm with loader org.apache.velocity.runtime.resource.loader.ClasspathResourceLoader
2022-02-08 19:49:43,845 - Velocimacro : added VM stringArray: source=/templates/macros/array.js.vm
2022-02-08 19:49:43,845 - Velocimacro : added VM numberArray: source=/templates/macros/array.js.vm
2022-02-08 19:49:43,845 - ResourceManager : found /templates/macros/array.js.vm with loader org.apache.velocity.runtime.resource.loader.ClasspathResourceLoader
2022-02-08 19:49:43,855 - Velocimacro : added VM includeBuildInfo: source=/templates/macros/page/buildinfo.vm
2022-02-08 19:49:43,855 - ResourceManager : found /templates/macros/page/buildinfo.vm with loader org.apache.velocity.runtime.resource.loader.ClasspathResourceLoader
2022-02-08 19:49:43,868 - Velocimacro : added VM includeClassifications: source=/templates/macros/page/classifications.vm
2022-02-08 19:49:43,868 - ResourceManager : found /templates/macros/page/classifications.vm with loader org.apache.velocity.runtime.resource.loader.ClasspathResourceLoader
2022-02-08 19:49:43,873 - Velocimacro : added VM includeLead: source=/templates/macros/page/lead.vm
2022-02-08 19:49:43,873 - ResourceManager : found /templates/macros/page/lead.vm with loader org.apache.velocity.runtime.resource.loader.ClasspathResourceLoader
2022-02-08 19:49:43,916 - Velocimacro : added VM includeNavigation: source=/templates/macros/page/navigation.vm
2022-02-08 19:49:43,917 - ResourceManager : found /templates/macros/page/navigation.vm with loader org.apache.velocity.runtime.resource.loader.ClasspathResourceLoader
2022-02-08 19:49:43,925 - Velocimacro : added VM includeReportInfo: source=/templates/macros/page/reportInfo.vm
2022-02-08 19:49:43,926 - ResourceManager : found /templates/macros/page/reportInfo.vm with loader org.apache.velocity.runtime.resource.loader.ClasspathResourceLoader
2022-02-08 19:49:43,929 - Velocimacro : added VM includeTitle: source=/templates/macros/page/title.vm
2022-02-08 19:49:43,929 - ResourceManager : found /templates/macros/page/title.vm with loader org.apache.velocity.runtime.resource.loader.ClasspathResourceLoader
2022-02-08 19:49:43,933 - Velocimacro : added VM includeExpandingButtons: source=/templates/macros/report/expandAllButtons.vm
2022-02-08 19:49:43,933 - ResourceManager : found /templates/macros/report/expandAllButtons.vm with loader org.apache.velocity.runtime.resource.loader.ClasspathResourceLoader
2022-02-08 19:49:43,943 - Velocimacro : added VM includeReportTable: source=/templates/macros/report/reportTable.vm
2022-02-08 19:49:43,944 - ResourceManager : found /templates/macros/report/reportTable.vm with loader org.apache.velocity.runtime.resource.loader.ClasspathResourceLoader
2022-02-08 19:49:43,945 - Velocimacro : added VM includeReportHeader: source=/templates/macros/report/reportHeader.vm
2022-02-08 19:49:43,945 - ResourceManager : found /templates/macros/report/reportHeader.vm with loader org.apache.velocity.runtime.resource.loader.ClasspathResourceLoader
2022-02-08 19:49:43,955 - Velocimacro : added VM includeStatsTable: source=/templates/macros/report/statsTable.vm
2022-02-08 19:49:43,956 - ResourceManager : found /templates/macros/report/statsTable.vm with loader org.apache.velocity.runtime.resource.loader.ClasspathResourceLoader
2022-02-08 19:49:43,965 - Velocimacro : added VM includeBrief: source=/templates/macros/json/brief.vm
2022-02-08 19:49:43,965 - ResourceManager : found /templates/macros/json/brief.vm with loader org.apache.velocity.runtime.resource.loader.ClasspathResourceLoader
2022-02-08 19:49:43,970 - Velocimacro : added VM includeDocString: source=/templates/macros/json/docstring.vm
2022-02-08 19:49:43,970 - ResourceManager : found /templates/macros/json/docstring.vm with loader org.apache.velocity.runtime.resource.loader.ClasspathResourceLoader
2022-02-08 19:49:43,975 - Velocimacro : added VM includeDuration: source=/templates/macros/json/duration.vm
2022-02-08 19:49:43,975 - ResourceManager : found /templates/macros/json/duration.vm with loader org.apache.velocity.runtime.resource.loader.ClasspathResourceLoader
2022-02-08 19:49:43,983 - Velocimacro : added VM includeElement: source=/templates/macros/json/element.vm
2022-02-08 19:49:43,983 - ResourceManager : found /templates/macros/json/element.vm with loader org.apache.velocity.runtime.resource.loader.ClasspathResourceLoader
2022-02-08 19:49:44,008 - Velocimacro : added VM includeEmbeddings: source=/templates/macros/json/embeddings.vm
2022-02-08 19:49:44,008 - Velocimacro : added VM includeHtmlEmbedding: source=/templates/macros/json/embeddings.vm
2022-02-08 19:49:44,009 - Velocimacro : added VM includeVideoEmbedding: source=/templates/macros/json/embeddings.vm
2022-02-08 19:49:44,009 - Velocimacro : added VM includeImageEmbedding: source=/templates/macros/json/embeddings.vm
2022-02-08 19:49:44,009 - Velocimacro : added VM includeImageReferenceEmbedding: source=/templates/macros/json/embeddings.vm
2022-02-08 19:49:44,009 - Velocimacro : added VM includeTextEmbedding: source=/templates/macros/json/embeddings.vm
2022-02-08 19:49:44,009 - Velocimacro : added VM includeUnknownEmbedding: source=/templates/macros/json/embeddings.vm
2022-02-08 19:49:44,009 - ResourceManager : found /templates/macros/json/embeddings.vm with loader org.apache.velocity.runtime.resource.loader.ClasspathResourceLoader
2022-02-08 19:49:44,015 - Velocimacro : added VM includeHooks: source=/templates/macros/json/hooks.vm
2022-02-08 19:49:44,016 - ResourceManager : found /templates/macros/json/hooks.vm with loader org.apache.velocity.runtime.resource.loader.ClasspathResourceLoader
2022-02-08 19:49:44,020 - Velocimacro : added VM includeOutput: source=/templates/macros/json/output.vm
2022-02-08 19:49:44,020 - ResourceManager : found /templates/macros/json/output.vm with loader org.apache.velocity.runtime.resource.loader.ClasspathResourceLoader
2022-02-08 19:49:44,024 - Velocimacro : added VM includeMessage: source=/templates/macros/json/message.vm
2022-02-08 19:49:44,024 - ResourceManager : found /templates/macros/json/message.vm with loader org.apache.velocity.runtime.resource.loader.ClasspathResourceLoader
2022-02-08 19:49:44,029 - Velocimacro : added VM includeSteps: source=/templates/macros/json/steps.vm
2022-02-08 19:49:44,030 - ResourceManager : found /templates/macros/json/steps.vm with loader org.apache.velocity.runtime.resource.loader.ClasspathResourceLoader
2022-02-08 19:49:44,035 - Velocimacro : added VM includeStepName: source=/templates/macros/json/stepName.vm
2022-02-08 19:49:44,035 - ResourceManager : found /templates/macros/json/stepName.vm with loader org.apache.velocity.runtime.resource.loader.ClasspathResourceLoader
2022-02-08 19:49:44,038 - Velocimacro : added VM includeTags: source=/templates/macros/json/tags.vm
2022-02-08 19:49:44,038 - ResourceManager : found /templates/macros/json/tags.vm with loader org.apache.velocity.runtime.resource.loader.ClasspathResourceLoader
2022-02-08 19:49:44,066 - VM #includeNavigation: too few arguments to macro. Wanted 1 got 0
2022-02-08 19:49:44,070 - Left side ($active_tab) of '==' operation has null value. If it is a reference, it may not be in the context or its toString() returned null. /templates/macros/page/navigation.vm[line 14, column 51]
2022-02-08 19:49:44,070 - Left side ($active_tab) of '==' operation has null value. If it is a reference, it may not be in the context or its toString() returned null. /templates/macros/page/navigation.vm[line 15, column 51]
2022-02-08 19:49:44,070 - Left side ($active_tab) of '==' operation has null value. If it is a reference, it may not be in the context or its toString() returned null. /templates/macros/page/navigation.vm[line 16, column 51]
2022-02-08 19:49:44,070 - Left side ($active_tab) of '==' operation has null value. If it is a reference, it may not be in the context or its toString() returned null. /templates/macros/page/navigation.vm[line 20, column 51]
2022-02-08 19:49:44,165 - ResourceManager : found /templates/footer.vm with loader org.apache.velocity.runtime.resource.loader.ClasspathResourceLoader
2022-02-08 22:28:51,485 - Log4JLogChute initialized using file 'target\velocity.log'
2022-02-08 22:28:51,489 - The version of log4j being used does not support the "trace" level.
2022-02-08 22:28:51,490 - Initializing Velocity, Calling init()...
2022-02-08 22:28:51,490 - *******************************************************************
2022-02-08 22:28:51,490 - Starting Apache Velocity v1.7 (compiled: 2010-11-19 12:14:37)
2022-02-08 22:28:51,490 - RuntimeInstance initializing.
2022-02-08 22:28:51,490 - Default Properties File: org\apache\velocity\runtime\defaults\velocity.properties
2022-02-08 22:28:51,490 - Trying to use logger class org.apache.velocity.runtime.log.AvalonLogChute
2022-02-08 22:28:51,490 - Target log system for org.apache.velocity.runtime.log.AvalonLogChute is not available (java.lang.NoClassDefFoundError: org/apache/log/format/Formatter).  Falling back to next log system...
2022-02-08 22:28:51,490 - Trying to use logger class org.apache.velocity.runtime.log.Log4JLogChute
2022-02-08 22:28:51,490 - Using logger class org.apache.velocity.runtime.log.Log4JLogChute
2022-02-08 22:28:51,506 - Default ResourceManager initializing. (class org.apache.velocity.runtime.resource.ResourceManagerImpl)
2022-02-08 22:28:51,510 - ResourceLoader instantiated: org.apache.velocity.runtime.resource.loader.ClasspathResourceLoader
2022-02-08 22:28:51,512 - ClasspathResourceLoader : initialization complete.
2022-02-08 22:28:51,531 - ResourceCache: initialized (class org.apache.velocity.runtime.resource.ResourceCacheImpl) with class java.util.Collections$SynchronizedMap cache map.
2022-02-08 22:28:51,531 - Default ResourceManager initialization complete.
2022-02-08 22:28:51,534 - Loaded System Directive: org.apache.velocity.runtime.directive.Stop
2022-02-08 22:28:51,536 - Loaded System Directive: org.apache.velocity.runtime.directive.Define
2022-02-08 22:28:51,538 - Loaded System Directive: org.apache.velocity.runtime.directive.Break
2022-02-08 22:28:51,541 - Loaded System Directive: org.apache.velocity.runtime.directive.Evaluate
2022-02-08 22:28:51,543 - Loaded System Directive: org.apache.velocity.runtime.directive.Literal
2022-02-08 22:28:51,545 - Loaded System Directive: org.apache.velocity.runtime.directive.Macro
2022-02-08 22:28:51,549 - Loaded System Directive: org.apache.velocity.runtime.directive.Parse
2022-02-08 22:28:51,551 - Loaded System Directive: org.apache.velocity.runtime.directive.Include
2022-02-08 22:28:51,554 - Loaded System Directive: org.apache.velocity.runtime.directive.Foreach
2022-02-08 22:28:51,607 - Created '20' parsers.
2022-02-08 22:28:51,616 - Velocimacro : initialization starting.
2022-02-08 22:28:51,616 - Velocimacro : "velocimacro.library" is not set.  Trying default library: VM_global_library.vm
2022-02-08 22:28:51,617 - Could not load resource 'VM_global_library.vm' from ResourceLoader org.apache.velocity.runtime.resource.loader.ClasspathResourceLoader: ClasspathResourceLoader Error: cannot find resource VM_global_library.vm
2022-02-08 22:28:51,617 - Velocimacro : Default library not found.
2022-02-08 22:28:51,617 - Velocimacro : allowInline = true : VMs can be defined inline in templates
2022-02-08 22:28:51,617 - Velocimacro : allowInlineToOverride = false : VMs defined inline may NOT replace previous VM definitions
2022-02-08 22:28:51,617 - Velocimacro : allowInlineLocal = false : VMs defined inline will be global in scope if allowed.
2022-02-08 22:28:51,617 - Velocimacro : autoload off : VM system will not automatically reload global library macros
2022-02-08 22:28:51,617 - Velocimacro : Velocimacro : initialization complete.
2022-02-08 22:28:51,617 - RuntimeInstance successfully initialized.
2022-02-08 22:28:51,805 - ResourceManager : found templates/generators/errorpage.vm with loader org.apache.velocity.runtime.resource.loader.ClasspathResourceLoader
2022-02-08 22:28:51,812 - ResourceManager : found /templates/headers.vm with loader org.apache.velocity.runtime.resource.loader.ClasspathResourceLoader
2022-02-08 22:28:51,813 - ResourceManager : found /templates/head.vm with loader org.apache.velocity.runtime.resource.loader.ClasspathResourceLoader
2022-02-08 22:28:51,819 - Velocimacro : added VM stringArray: source=/templates/macros/array.js.vm
2022-02-08 22:28:51,820 - Velocimacro : added VM numberArray: source=/templates/macros/array.js.vm
2022-02-08 22:28:51,820 - ResourceManager : found /templates/macros/array.js.vm with loader org.apache.velocity.runtime.resource.loader.ClasspathResourceLoader
2022-02-08 22:28:51,824 - Velocimacro : added VM includeBuildInfo: source=/templates/macros/page/buildinfo.vm
2022-02-08 22:28:51,824 - ResourceManager : found /templates/macros/page/buildinfo.vm with loader org.apache.velocity.runtime.resource.loader.ClasspathResourceLoader
2022-02-08 22:28:51,833 - Velocimacro : added VM includeClassifications: source=/templates/macros/page/classifications.vm
2022-02-08 22:28:51,833 - ResourceManager : found /templates/macros/page/classifications.vm with loader org.apache.velocity.runtime.resource.loader.ClasspathResourceLoader
2022-02-08 22:28:51,835 - Velocimacro : added VM includeLead: source=/templates/macros/page/lead.vm
2022-02-08 22:28:51,835 - ResourceManager : found /templates/macros/page/lead.vm with loader org.apache.velocity.runtime.resource.loader.ClasspathResourceLoader
2022-02-08 22:28:51,840 - Velocimacro : added VM includeNavigation: source=/templates/macros/page/navigation.vm
2022-02-08 22:28:51,840 - ResourceManager : found /templates/macros/page/navigation.vm with loader org.apache.velocity.runtime.resource.loader.ClasspathResourceLoader
2022-02-08 22:28:51,845 - Velocimacro : added VM includeReportInfo: source=/templates/macros/page/reportInfo.vm
2022-02-08 22:28:51,845 - ResourceManager : found /templates/macros/page/reportInfo.vm with loader org.apache.velocity.runtime.resource.loader.ClasspathResourceLoader
2022-02-08 22:28:51,847 - Velocimacro : added VM includeTitle: source=/templates/macros/page/title.vm
2022-02-08 22:28:51,847 - ResourceManager : found /templates/macros/page/title.vm with loader org.apache.velocity.runtime.resource.loader.ClasspathResourceLoader
2022-02-08 22:28:51,849 - Velocimacro : added VM includeExpandingButtons: source=/templates/macros/report/expandAllButtons.vm
2022-02-08 22:28:51,849 - ResourceManager : found /templates/macros/report/expandAllButtons.vm with loader org.apache.velocity.runtime.resource.loader.ClasspathResourceLoader
2022-02-08 22:28:51,856 - Velocimacro : added VM includeReportTable: source=/templates/macros/report/reportTable.vm
2022-02-08 22:28:51,856 - ResourceManager : found /templates/macros/report/reportTable.vm with loader org.apache.velocity.runtime.resource.loader.ClasspathResourceLoader
2022-02-08 22:28:51,858 - Velocimacro : added VM includeReportHeader: source=/templates/macros/report/reportHeader.vm
2022-02-08 22:28:51,858 - ResourceManager : found /templates/macros/report/reportHeader.vm with loader org.apache.velocity.runtime.resource.loader.ClasspathResourceLoader
2022-02-08 22:28:51,866 - Velocimacro : added VM includeStatsTable: source=/templates/macros/report/statsTable.vm
2022-02-08 22:28:51,866 - ResourceManager : found /templates/macros/report/statsTable.vm with loader org.apache.velocity.runtime.resource.loader.ClasspathResourceLoader
2022-02-08 22:28:51,868 - Velocimacro : added VM includeBrief: source=/templates/macros/json/brief.vm
2022-02-08 22:28:51,868 - ResourceManager : found /templates/macros/json/brief.vm with loader org.apache.velocity.runtime.resource.loader.ClasspathResourceLoader
2022-02-08 22:28:51,870 - Velocimacro : added VM includeDocString: source=/templates/macros/json/docstring.vm
2022-02-08 22:28:51,870 - ResourceManager : found /templates/macros/json/docstring.vm with loader org.apache.velocity.runtime.resource.loader.ClasspathResourceLoader
2022-02-08 22:28:51,872 - Velocimacro : added VM includeDuration: source=/templates/macros/json/duration.vm
2022-02-08 22:28:51,872 - ResourceManager : found /templates/macros/json/duration.vm with loader org.apache.velocity.runtime.resource.loader.ClasspathResourceLoader
2022-02-08 22:28:51,877 - Velocimacro : added VM includeElement: source=/templates/macros/json/element.vm
2022-02-08 22:28:51,878 - ResourceManager : found /templates/macros/json/element.vm with loader org.apache.velocity.runtime.resource.loader.ClasspathResourceLoader
2022-02-08 22:28:51,892 - Velocimacro : added VM includeEmbeddings: source=/templates/macros/json/embeddings.vm
2022-02-08 22:28:51,893 - Velocimacro : added VM includeHtmlEmbedding: source=/templates/macros/json/embeddings.vm
2022-02-08 22:28:51,893 - Velocimacro : added VM includeVideoEmbedding: source=/templates/macros/json/embeddings.vm
2022-02-08 22:28:51,893 - Velocimacro : added VM includeImageEmbedding: source=/templates/macros/json/embeddings.vm
2022-02-08 22:28:51,893 - Velocimacro : added VM includeImageReferenceEmbedding: source=/templates/macros/json/embeddings.vm
2022-02-08 22:28:51,893 - Velocimacro : added VM includeTextEmbedding: source=/templates/macros/json/embeddings.vm
2022-02-08 22:28:51,894 - Velocimacro : added VM includeUnknownEmbedding: source=/templates/macros/json/embeddings.vm
2022-02-08 22:28:51,894 - ResourceManager : found /templates/macros/json/embeddings.vm with loader org.apache.velocity.runtime.resource.loader.ClasspathResourceLoader
2022-02-08 22:28:51,898 - Velocimacro : added VM includeHooks: source=/templates/macros/json/hooks.vm
2022-02-08 22:28:51,898 - ResourceManager : found /templates/macros/json/hooks.vm with loader org.apache.velocity.runtime.resource.loader.ClasspathResourceLoader
2022-02-08 22:28:51,901 - Velocimacro : added VM includeOutput: source=/templates/macros/json/output.vm
2022-02-08 22:28:51,901 - ResourceManager : found /templates/macros/json/output.vm with loader org.apache.velocity.runtime.resource.loader.ClasspathResourceLoader
2022-02-08 22:28:51,903 - Velocimacro : added VM includeMessage: source=/templates/macros/json/message.vm
2022-02-08 22:28:51,903 - ResourceManager : found /templates/macros/json/message.vm with loader org.apache.velocity.runtime.resource.loader.ClasspathResourceLoader
2022-02-08 22:28:51,906 - Velocimacro : added VM includeSteps: source=/templates/macros/json/steps.vm
2022-02-08 22:28:51,906 - ResourceManager : found /templates/macros/json/steps.vm with loader org.apache.velocity.runtime.resource.loader.ClasspathResourceLoader
2022-02-08 22:28:51,907 - Velocimacro : added VM includeStepName: source=/templates/macros/json/stepName.vm
2022-02-08 22:28:51,908 - ResourceManager : found /templates/macros/json/stepName.vm with loader org.apache.velocity.runtime.resource.loader.ClasspathResourceLoader
2022-02-08 22:28:51,909 - Velocimacro : added VM includeTags: source=/templates/macros/json/tags.vm
2022-02-08 22:28:51,909 - ResourceManager : found /templates/macros/json/tags.vm with loader org.apache.velocity.runtime.resource.loader.ClasspathResourceLoader
2022-02-08 22:28:51,926 - VM #includeNavigation: too few arguments to macro. Wanted 1 got 0
2022-02-08 22:28:51,928 - Left side ($active_tab) of '==' operation has null value. If it is a reference, it may not be in the context or its toString() returned null. /templates/macros/page/navigation.vm[line 14, column 51]
2022-02-08 22:28:51,928 - Left side ($active_tab) of '==' operation has null value. If it is a reference, it may not be in the context or its toString() returned null. /templates/macros/page/navigation.vm[line 15, column 51]
2022-02-08 22:28:51,928 - Left side ($active_tab) of '==' operation has null value. If it is a reference, it may not be in the context or its toString() returned null. /templates/macros/page/navigation.vm[line 16, column 51]
2022-02-08 22:28:51,928 - Left side ($active_tab) of '==' operation has null value. If it is a reference, it may not be in the context or its toString() returned null. /templates/macros/page/navigation.vm[line 20, column 51]
2022-02-08 22:28:51,959 - ResourceManager : found /templates/footer.vm with loader org.apache.velocity.runtime.resource.loader.ClasspathResourceLoader
2022-02-09 22:26:52,177 - Log4JLogChute initialized using file 'target\velocity.log'
2022-02-09 22:26:52,178 - The version of log4j being used does not support the "trace" level.
2022-02-09 22:26:52,178 - Initializing Velocity, Calling init()...
2022-02-09 22:26:52,178 - *******************************************************************
2022-02-09 22:26:52,178 - Starting Apache Velocity v1.7 (compiled: 2010-11-19 12:14:37)
2022-02-09 22:26:52,178 - RuntimeInstance initializing.
2022-02-09 22:26:52,178 - Default Properties File: org\apache\velocity\runtime\defaults\velocity.properties
2022-02-09 22:26:52,178 - Trying to use logger class org.apache.velocity.runtime.log.AvalonLogChute
2022-02-09 22:26:52,178 - Target log system for org.apache.velocity.runtime.log.AvalonLogChute is not available (java.lang.NoClassDefFoundError: org/apache/log/format/Formatter).  Falling back to next log system...
2022-02-09 22:26:52,178 - Trying to use logger class org.apache.velocity.runtime.log.Log4JLogChute
2022-02-09 22:26:52,178 - Using logger class org.apache.velocity.runtime.log.Log4JLogChute
2022-02-09 22:26:52,181 - Default ResourceManager initializing. (class org.apache.velocity.runtime.resource.ResourceManagerImpl)
2022-02-09 22:26:52,184 - ResourceLoader instantiated: org.apache.velocity.runtime.resource.loader.ClasspathResourceLoader
2022-02-09 22:26:52,186 - ClasspathResourceLoader : initialization complete.
2022-02-09 22:26:52,208 - ResourceCache: initialized (class org.apache.velocity.runtime.resource.ResourceCacheImpl) with class java.util.Collections$SynchronizedMap cache map.
2022-02-09 22:26:52,209 - Default ResourceManager initialization complete.
2022-02-09 22:26:52,212 - Loaded System Directive: org.apache.velocity.runtime.directive.Stop
2022-02-09 22:26:52,215 - Loaded System Directive: org.apache.velocity.runtime.directive.Define
2022-02-09 22:26:52,216 - Loaded System Directive: org.apache.velocity.runtime.directive.Break
2022-02-09 22:26:52,218 - Loaded System Directive: org.apache.velocity.runtime.directive.Evaluate
2022-02-09 22:26:52,219 - Loaded System Directive: org.apache.velocity.runtime.directive.Literal
2022-02-09 22:26:52,221 - Loaded System Directive: org.apache.velocity.runtime.directive.Macro
2022-02-09 22:26:52,223 - Loaded System Directive: org.apache.velocity.runtime.directive.Parse
2022-02-09 22:26:52,225 - Loaded System Directive: org.apache.velocity.runtime.directive.Include
2022-02-09 22:26:52,228 - Loaded System Directive: org.apache.velocity.runtime.directive.Foreach
2022-02-09 22:26:52,282 - Created '20' parsers.
2022-02-09 22:26:52,294 - Velocimacro : initialization starting.
2022-02-09 22:26:52,294 - Velocimacro : "velocimacro.library" is not set.  Trying default library: VM_global_library.vm
2022-02-09 22:26:52,297 - Could not load resource 'VM_global_library.vm' from ResourceLoader org.apache.velocity.runtime.resource.loader.ClasspathResourceLoader: ClasspathResourceLoader Error: cannot find resource VM_global_library.vm
2022-02-09 22:26:52,297 - Velocimacro : Default library not found.
2022-02-09 22:26:52,297 - Velocimacro : allowInline = true : VMs can be defined inline in templates
2022-02-09 22:26:52,297 - Velocimacro : allowInlineToOverride = false : VMs defined inline may NOT replace previous VM definitions
2022-02-09 22:26:52,297 - Velocimacro : allowInlineLocal = false : VMs defined inline will be global in scope if allowed.
2022-02-09 22:26:52,297 - Velocimacro : autoload off : VM system will not automatically reload global library macros
2022-02-09 22:26:52,297 - Velocimacro : Velocimacro : initialization complete.
2022-02-09 22:26:52,297 - RuntimeInstance successfully initialized.
2022-02-09 22:26:52,543 - ResourceManager : found templates/generators/errorpage.vm with loader org.apache.velocity.runtime.resource.loader.ClasspathResourceLoader
2022-02-09 22:26:52,551 - ResourceManager : found /templates/headers.vm with loader org.apache.velocity.runtime.resource.loader.ClasspathResourceLoader
2022-02-09 22:26:52,552 - ResourceManager : found /templates/head.vm with loader org.apache.velocity.runtime.resource.loader.ClasspathResourceLoader
2022-02-09 22:26:52,557 - Velocimacro : added VM stringArray: source=/templates/macros/array.js.vm
2022-02-09 22:26:52,557 - Velocimacro : added VM numberArray: source=/templates/macros/array.js.vm
2022-02-09 22:26:52,557 - ResourceManager : found /templates/macros/array.js.vm with loader org.apache.velocity.runtime.resource.loader.ClasspathResourceLoader
2022-02-09 22:26:52,562 - Velocimacro : added VM includeBuildInfo: source=/templates/macros/page/buildinfo.vm
2022-02-09 22:26:52,562 - ResourceManager : found /templates/macros/page/buildinfo.vm with loader org.apache.velocity.runtime.resource.loader.ClasspathResourceLoader
2022-02-09 22:26:52,569 - Velocimacro : added VM includeClassifications: source=/templates/macros/page/classifications.vm
2022-02-09 22:26:52,569 - ResourceManager : found /templates/macros/page/classifications.vm with loader org.apache.velocity.runtime.resource.loader.ClasspathResourceLoader
2022-02-09 22:26:52,571 - Velocimacro : added VM includeLead: source=/templates/macros/page/lead.vm
2022-02-09 22:26:52,571 - ResourceManager : found /templates/macros/page/lead.vm with loader org.apache.velocity.runtime.resource.loader.ClasspathResourceLoader
2022-02-09 22:26:52,576 - Velocimacro : added VM includeNavigation: source=/templates/macros/page/navigation.vm
2022-02-09 22:26:52,576 - ResourceManager : found /templates/macros/page/navigation.vm with loader org.apache.velocity.runtime.resource.loader.ClasspathResourceLoader
2022-02-09 22:26:52,579 - Velocimacro : added VM includeReportInfo: source=/templates/macros/page/reportInfo.vm
2022-02-09 22:26:52,579 - ResourceManager : found /templates/macros/page/reportInfo.vm with loader org.apache.velocity.runtime.resource.loader.ClasspathResourceLoader
2022-02-09 22:26:52,582 - Velocimacro : added VM includeTitle: source=/templates/macros/page/title.vm
2022-02-09 22:26:52,582 - ResourceManager : found /templates/macros/page/title.vm with loader org.apache.velocity.runtime.resource.loader.ClasspathResourceLoader
2022-02-09 22:26:52,583 - Velocimacro : added VM includeExpandingButtons: source=/templates/macros/report/expandAllButtons.vm
2022-02-09 22:26:52,583 - ResourceManager : found /templates/macros/report/expandAllButtons.vm with loader org.apache.velocity.runtime.resource.loader.ClasspathResourceLoader
2022-02-09 22:26:52,592 - Velocimacro : added VM includeReportTable: source=/templates/macros/report/reportTable.vm
2022-02-09 22:26:52,592 - ResourceManager : found /templates/macros/report/reportTable.vm with loader org.apache.velocity.runtime.resource.loader.ClasspathResourceLoader
2022-02-09 22:26:52,593 - Velocimacro : added VM includeReportHeader: source=/templates/macros/report/reportHeader.vm
2022-02-09 22:26:52,593 - ResourceManager : found /templates/macros/report/reportHeader.vm with loader org.apache.velocity.runtime.resource.loader.ClasspathResourceLoader
2022-02-09 22:26:52,606 - Velocimacro : added VM includeStatsTable: source=/templates/macros/report/statsTable.vm
2022-02-09 22:26:52,606 - ResourceManager : found /templates/macros/report/statsTable.vm with loader org.apache.velocity.runtime.resource.loader.ClasspathResourceLoader
2022-02-09 22:26:52,609 - Velocimacro : added VM includeBrief: source=/templates/macros/json/brief.vm
2022-02-09 22:26:52,609 - ResourceManager : found /templates/macros/json/brief.vm with loader org.apache.velocity.runtime.resource.loader.ClasspathResourceLoader
2022-02-09 22:26:52,611 - Velocimacro : added VM includeDocString: source=/templates/macros/json/docstring.vm
2022-02-09 22:26:52,611 - ResourceManager : found /templates/macros/json/docstring.vm with loader org.apache.velocity.runtime.resource.loader.ClasspathResourceLoader
2022-02-09 22:26:52,614 - Velocimacro : added VM includeDuration: source=/templates/macros/json/duration.vm
2022-02-09 22:26:52,614 - ResourceManager : found /templates/macros/json/duration.vm with loader org.apache.velocity.runtime.resource.loader.ClasspathResourceLoader
2022-02-09 22:26:52,619 - Velocimacro : added VM includeElement: source=/templates/macros/json/element.vm
2022-02-09 22:26:52,619 - ResourceManager : found /templates/macros/json/element.vm with loader org.apache.velocity.runtime.resource.loader.ClasspathResourceLoader
2022-02-09 22:26:52,635 - Velocimacro : added VM includeEmbeddings: source=/templates/macros/json/embeddings.vm
2022-02-09 22:26:52,635 - Velocimacro : added VM includeHtmlEmbedding: source=/templates/macros/json/embeddings.vm
2022-02-09 22:26:52,635 - Velocimacro : added VM includeVideoEmbedding: source=/templates/macros/json/embeddings.vm
2022-02-09 22:26:52,635 - Velocimacro : added VM includeImageEmbedding: source=/templates/macros/json/embeddings.vm
2022-02-09 22:26:52,636 - Velocimacro : added VM includeImageReferenceEmbedding: source=/templates/macros/json/embeddings.vm
2022-02-09 22:26:52,636 - Velocimacro : added VM includeTextEmbedding: source=/templates/macros/json/embeddings.vm
2022-02-09 22:26:52,636 - Velocimacro : added VM includeUnknownEmbedding: source=/templates/macros/json/embeddings.vm
2022-02-09 22:26:52,636 - ResourceManager : found /templates/macros/json/embeddings.vm with loader org.apache.velocity.runtime.resource.loader.ClasspathResourceLoader
2022-02-09 22:26:52,639 - Velocimacro : added VM includeHooks: source=/templates/macros/json/hooks.vm
2022-02-09 22:26:52,640 - ResourceManager : found /templates/macros/json/hooks.vm with loader org.apache.velocity.runtime.resource.loader.ClasspathResourceLoader
2022-02-09 22:26:52,648 - Velocimacro : added VM includeOutput: source=/templates/macros/json/output.vm
2022-02-09 22:26:52,648 - ResourceManager : found /templates/macros/json/output.vm with loader org.apache.velocity.runtime.resource.loader.ClasspathResourceLoader
2022-02-09 22:26:52,650 - Velocimacro : added VM includeMessage: source=/templates/macros/json/message.vm
2022-02-09 22:26:52,650 - ResourceManager : found /templates/macros/json/message.vm with loader org.apache.velocity.runtime.resource.loader.ClasspathResourceLoader
2022-02-09 22:26:52,653 - Velocimacro : added VM includeSteps: source=/templates/macros/json/steps.vm
2022-02-09 22:26:52,653 - ResourceManager : found /templates/macros/json/steps.vm with loader org.apache.velocity.runtime.resource.loader.ClasspathResourceLoader
2022-02-09 22:26:52,655 - Velocimacro : added VM includeStepName: source=/templates/macros/json/stepName.vm
2022-02-09 22:26:52,655 - ResourceManager : found /templates/macros/json/stepName.vm with loader org.apache.velocity.runtime.resource.loader.ClasspathResourceLoader
2022-02-09 22:26:52,657 - Velocimacro : added VM includeTags: source=/templates/macros/json/tags.vm
2022-02-09 22:26:52,657 - ResourceManager : found /templates/macros/json/tags.vm with loader org.apache.velocity.runtime.resource.loader.ClasspathResourceLoader
2022-02-09 22:26:52,682 - VM #includeNavigation: too few arguments to macro. Wanted 1 got 0
2022-02-09 22:26:52,684 - Left side ($active_tab) of '==' operation has null value. If it is a reference, it may not be in the context or its toString() returned null. /templates/macros/page/navigation.vm[line 14, column 51]
2022-02-09 22:26:52,684 - Left side ($active_tab) of '==' operation has null value. If it is a reference, it may not be in the context or its toString() returned null. /templates/macros/page/navigation.vm[line 15, column 51]
2022-02-09 22:26:52,684 - Left side ($active_tab) of '==' operation has null value. If it is a reference, it may not be in the context or its toString() returned null. /templates/macros/page/navigation.vm[line 16, column 51]
2022-02-09 22:26:52,684 - Left side ($active_tab) of '==' operation has null value. If it is a reference, it may not be in the context or its toString() returned null. /templates/macros/page/navigation.vm[line 20, column 51]
2022-02-09 22:26:52,722 - ResourceManager : found /templates/footer.vm with loader org.apache.velocity.runtime.resource.loader.ClasspathResourceLoader
2022-02-09 22:27:18,005 - Log4JLogChute initialized using file 'target\velocity.log'
2022-02-09 22:27:18,006 - The version of log4j being used does not support the "trace" level.
2022-02-09 22:27:18,006 - Initializing Velocity, Calling init()...
2022-02-09 22:27:18,006 - *******************************************************************
2022-02-09 22:27:18,006 - Starting Apache Velocity v1.7 (compiled: 2010-11-19 12:14:37)
2022-02-09 22:27:18,006 - RuntimeInstance initializing.
2022-02-09 22:27:18,006 - Default Properties File: org\apache\velocity\runtime\defaults\velocity.properties
2022-02-09 22:27:18,006 - Trying to use logger class org.apache.velocity.runtime.log.AvalonLogChute
2022-02-09 22:27:18,006 - Target log system for org.apache.velocity.runtime.log.AvalonLogChute is not available (java.lang.NoClassDefFoundError: org/apache/log/format/Formatter).  Falling back to next log system...
2022-02-09 22:27:18,006 - Trying to use logger class org.apache.velocity.runtime.log.Log4JLogChute
2022-02-09 22:27:18,006 - Using logger class org.apache.velocity.runtime.log.Log4JLogChute
2022-02-09 22:27:18,009 - Default ResourceManager initializing. (class org.apache.velocity.runtime.resource.ResourceManagerImpl)
2022-02-09 22:27:18,011 - ResourceLoader instantiated: org.apache.velocity.runtime.resource.loader.ClasspathResourceLoader
2022-02-09 22:27:18,013 - ClasspathResourceLoader : initialization complete.
2022-02-09 22:27:18,032 - ResourceCache: initialized (class org.apache.velocity.runtime.resource.ResourceCacheImpl) with class java.util.Collections$SynchronizedMap cache map.
2022-02-09 22:27:18,032 - Default ResourceManager initialization complete.
2022-02-09 22:27:18,036 - Loaded System Directive: org.apache.velocity.runtime.directive.Stop
2022-02-09 22:27:18,038 - Loaded System Directive: org.apache.velocity.runtime.directive.Define
2022-02-09 22:27:18,039 - Loaded System Directive: org.apache.velocity.runtime.directive.Break
2022-02-09 22:27:18,041 - Loaded System Directive: org.apache.velocity.runtime.directive.Evaluate
2022-02-09 22:27:18,042 - Loaded System Directive: org.apache.velocity.runtime.directive.Literal
2022-02-09 22:27:18,045 - Loaded System Directive: org.apache.velocity.runtime.directive.Macro
2022-02-09 22:27:18,048 - Loaded System Directive: org.apache.velocity.runtime.directive.Parse
2022-02-09 22:27:18,050 - Loaded System Directive: org.apache.velocity.runtime.directive.Include
2022-02-09 22:27:18,052 - Loaded System Directive: org.apache.velocity.runtime.directive.Foreach
2022-02-09 22:27:18,105 - Created '20' parsers.
2022-02-09 22:27:18,118 - Velocimacro : initialization starting.
2022-02-09 22:27:18,118 - Velocimacro : "velocimacro.library" is not set.  Trying default library: VM_global_library.vm
2022-02-09 22:27:18,119 - Could not load resource 'VM_global_library.vm' from ResourceLoader org.apache.velocity.runtime.resource.loader.ClasspathResourceLoader: ClasspathResourceLoader Error: cannot find resource VM_global_library.vm
2022-02-09 22:27:18,119 - Velocimacro : Default library not found.
2022-02-09 22:27:18,119 - Velocimacro : allowInline = true : VMs can be defined inline in templates
2022-02-09 22:27:18,119 - Velocimacro : allowInlineToOverride = false : VMs defined inline may NOT replace previous VM definitions
2022-02-09 22:27:18,119 - Velocimacro : allowInlineLocal = false : VMs defined inline will be global in scope if allowed.
2022-02-09 22:27:18,120 - Velocimacro : autoload off : VM system will not automatically reload global library macros
2022-02-09 22:27:18,120 - Velocimacro : Velocimacro : initialization complete.
2022-02-09 22:27:18,120 - RuntimeInstance successfully initialized.
2022-02-09 22:27:18,310 - ResourceManager : found templates/generators/errorpage.vm with loader org.apache.velocity.runtime.resource.loader.ClasspathResourceLoader
2022-02-09 22:27:18,318 - ResourceManager : found /templates/headers.vm with loader org.apache.velocity.runtime.resource.loader.ClasspathResourceLoader
2022-02-09 22:27:18,320 - ResourceManager : found /templates/head.vm with loader org.apache.velocity.runtime.resource.loader.ClasspathResourceLoader
2022-02-09 22:27:18,325 - Velocimacro : added VM stringArray: source=/templates/macros/array.js.vm
2022-02-09 22:27:18,325 - Velocimacro : added VM numberArray: source=/templates/macros/array.js.vm
2022-02-09 22:27:18,325 - ResourceManager : found /templates/macros/array.js.vm with loader org.apache.velocity.runtime.resource.loader.ClasspathResourceLoader
2022-02-09 22:27:18,331 - Velocimacro : added VM includeBuildInfo: source=/templates/macros/page/buildinfo.vm
2022-02-09 22:27:18,331 - ResourceManager : found /templates/macros/page/buildinfo.vm with loader org.apache.velocity.runtime.resource.loader.ClasspathResourceLoader
2022-02-09 22:27:18,343 - Velocimacro : added VM includeClassifications: source=/templates/macros/page/classifications.vm
2022-02-09 22:27:18,344 - ResourceManager : found /templates/macros/page/classifications.vm with loader org.apache.velocity.runtime.resource.loader.ClasspathResourceLoader
2022-02-09 22:27:18,346 - Velocimacro : added VM includeLead: source=/templates/macros/page/lead.vm
2022-02-09 22:27:18,346 - ResourceManager : found /templates/macros/page/lead.vm with loader org.apache.velocity.runtime.resource.loader.ClasspathResourceLoader
2022-02-09 22:27:18,352 - Velocimacro : added VM includeNavigation: source=/templates/macros/page/navigation.vm
2022-02-09 22:27:18,352 - ResourceManager : found /templates/macros/page/navigation.vm with loader org.apache.velocity.runtime.resource.loader.ClasspathResourceLoader
2022-02-09 22:27:18,356 - Velocimacro : added VM includeReportInfo: source=/templates/macros/page/reportInfo.vm
2022-02-09 22:27:18,356 - ResourceManager : found /templates/macros/page/reportInfo.vm with loader org.apache.velocity.runtime.resource.loader.ClasspathResourceLoader
2022-02-09 22:27:18,358 - Velocimacro : added VM includeTitle: source=/templates/macros/page/title.vm
2022-02-09 22:27:18,358 - ResourceManager : found /templates/macros/page/title.vm with loader org.apache.velocity.runtime.resource.loader.ClasspathResourceLoader
2022-02-09 22:27:18,360 - Velocimacro : added VM includeExpandingButtons: source=/templates/macros/report/expandAllButtons.vm
2022-02-09 22:27:18,360 - ResourceManager : found /templates/macros/report/expandAllButtons.vm with loader org.apache.velocity.runtime.resource.loader.ClasspathResourceLoader
2022-02-09 22:27:18,369 - Velocimacro : added VM includeReportTable: source=/templates/macros/report/reportTable.vm
2022-02-09 22:27:18,369 - ResourceManager : found /templates/macros/report/reportTable.vm with loader org.apache.velocity.runtime.resource.loader.ClasspathResourceLoader
2022-02-09 22:27:18,371 - Velocimacro : added VM includeReportHeader: source=/templates/macros/report/reportHeader.vm
2022-02-09 22:27:18,371 - ResourceManager : found /templates/macros/report/reportHeader.vm with loader org.apache.velocity.runtime.resource.loader.ClasspathResourceLoader
2022-02-09 22:27:18,380 - Velocimacro : added VM includeStatsTable: source=/templates/macros/report/statsTable.vm
2022-02-09 22:27:18,380 - ResourceManager : found /templates/macros/report/statsTable.vm with loader org.apache.velocity.runtime.resource.loader.ClasspathResourceLoader
2022-02-09 22:27:18,382 - Velocimacro : added VM includeBrief: source=/templates/macros/json/brief.vm
2022-02-09 22:27:18,382 - ResourceManager : found /templates/macros/json/brief.vm with loader org.apache.velocity.runtime.resource.loader.ClasspathResourceLoader
2022-02-09 22:27:18,384 - Velocimacro : added VM includeDocString: source=/templates/macros/json/docstring.vm
2022-02-09 22:27:18,384 - ResourceManager : found /templates/macros/json/docstring.vm with loader org.apache.velocity.runtime.resource.loader.ClasspathResourceLoader
2022-02-09 22:27:18,386 - Velocimacro : added VM includeDuration: source=/templates/macros/json/duration.vm
2022-02-09 22:27:18,386 - ResourceManager : found /templates/macros/json/duration.vm with loader org.apache.velocity.runtime.resource.loader.ClasspathResourceLoader
2022-02-09 22:27:18,393 - Velocimacro : added VM includeElement: source=/templates/macros/json/element.vm
2022-02-09 22:27:18,393 - ResourceManager : found /templates/macros/json/element.vm with loader org.apache.velocity.runtime.resource.loader.ClasspathResourceLoader
2022-02-09 22:27:18,411 - Velocimacro : added VM includeEmbeddings: source=/templates/macros/json/embeddings.vm
2022-02-09 22:27:18,411 - Velocimacro : added VM includeHtmlEmbedding: source=/templates/macros/json/embeddings.vm
2022-02-09 22:27:18,412 - Velocimacro : added VM includeVideoEmbedding: source=/templates/macros/json/embeddings.vm
2022-02-09 22:27:18,412 - Velocimacro : added VM includeImageEmbedding: source=/templates/macros/json/embeddings.vm
2022-02-09 22:27:18,412 - Velocimacro : added VM includeImageReferenceEmbedding: source=/templates/macros/json/embeddings.vm
2022-02-09 22:27:18,412 - Velocimacro : added VM includeTextEmbedding: source=/templates/macros/json/embeddings.vm
2022-02-09 22:27:18,413 - Velocimacro : added VM includeUnknownEmbedding: source=/templates/macros/json/embeddings.vm
2022-02-09 22:27:18,413 - ResourceManager : found /templates/macros/json/embeddings.vm with loader org.apache.velocity.runtime.resource.loader.ClasspathResourceLoader
2022-02-09 22:27:18,416 - Velocimacro : added VM includeHooks: source=/templates/macros/json/hooks.vm
2022-02-09 22:27:18,416 - ResourceManager : found /templates/macros/json/hooks.vm with loader org.apache.velocity.runtime.resource.loader.ClasspathResourceLoader
2022-02-09 22:27:18,424 - Velocimacro : added VM includeOutput: source=/templates/macros/json/output.vm
2022-02-09 22:27:18,424 - ResourceManager : found /templates/macros/json/output.vm with loader org.apache.velocity.runtime.resource.loader.ClasspathResourceLoader
2022-02-09 22:27:18,427 - Velocimacro : added VM includeMessage: source=/templates/macros/json/message.vm
2022-02-09 22:27:18,427 - ResourceManager : found /templates/macros/json/message.vm with loader org.apache.velocity.runtime.resource.loader.ClasspathResourceLoader
2022-02-09 22:27:18,431 - Velocimacro : added VM includeSteps: source=/templates/macros/json/steps.vm
2022-02-09 22:27:18,431 - ResourceManager : found /templates/macros/json/steps.vm with loader org.apache.velocity.runtime.resource.loader.ClasspathResourceLoader
2022-02-09 22:27:18,433 - Velocimacro : added VM includeStepName: source=/templates/macros/json/stepName.vm
2022-02-09 22:27:18,433 - ResourceManager : found /templates/macros/json/stepName.vm with loader org.apache.velocity.runtime.resource.loader.ClasspathResourceLoader
2022-02-09 22:27:18,435 - Velocimacro : added VM includeTags: source=/templates/macros/json/tags.vm
2022-02-09 22:27:18,435 - ResourceManager : found /templates/macros/json/tags.vm with loader org.apache.velocity.runtime.resource.loader.ClasspathResourceLoader
2022-02-09 22:27:18,454 - VM #includeNavigation: too few arguments to macro. Wanted 1 got 0
2022-02-09 22:27:18,456 - Left side ($active_tab) of '==' operation has null value. If it is a reference, it may not be in the context or its toString() returned null. /templates/macros/page/navigation.vm[line 14, column 51]
2022-02-09 22:27:18,456 - Left side ($active_tab) of '==' operation has null value. If it is a reference, it may not be in the context or its toString() returned null. /templates/macros/page/navigation.vm[line 15, column 51]
2022-02-09 22:27:18,456 - Left side ($active_tab) of '==' operation has null value. If it is a reference, it may not be in the context or its toString() returned null. /templates/macros/page/navigation.vm[line 16, column 51]
2022-02-09 22:27:18,456 - Left side ($active_tab) of '==' operation has null value. If it is a reference, it may not be in the context or its toString() returned null. /templates/macros/page/navigation.vm[line 20, column 51]
2022-02-09 22:27:18,488 - ResourceManager : found /templates/footer.vm with loader org.apache.velocity.runtime.resource.loader.ClasspathResourceLoader
2022-02-09 22:38:48,232 - Log4JLogChute initialized using file 'target\velocity.log'
2022-02-09 22:38:48,233 - The version of log4j being used does not support the "trace" level.
2022-02-09 22:38:48,233 - Initializing Velocity, Calling init()...
2022-02-09 22:38:48,233 - *******************************************************************
2022-02-09 22:38:48,233 - Starting Apache Velocity v1.7 (compiled: 2010-11-19 12:14:37)
2022-02-09 22:38:48,233 - RuntimeInstance initializing.
2022-02-09 22:38:48,233 - Default Properties File: org\apache\velocity\runtime\defaults\velocity.properties
2022-02-09 22:38:48,233 - Trying to use logger class org.apache.velocity.runtime.log.AvalonLogChute
2022-02-09 22:38:48,233 - Target log system for org.apache.velocity.runtime.log.AvalonLogChute is not available (java.lang.NoClassDefFoundError: org/apache/log/format/Formatter).  Falling back to next log system...
2022-02-09 22:38:48,233 - Trying to use logger class org.apache.velocity.runtime.log.Log4JLogChute
2022-02-09 22:38:48,233 - Using logger class org.apache.velocity.runtime.log.Log4JLogChute
2022-02-09 22:38:48,236 - Default ResourceManager initializing. (class org.apache.velocity.runtime.resource.ResourceManagerImpl)
2022-02-09 22:38:48,237 - ResourceLoader instantiated: org.apache.velocity.runtime.resource.loader.ClasspathResourceLoader
2022-02-09 22:38:48,238 - ClasspathResourceLoader : initialization complete.
2022-02-09 22:38:48,255 - ResourceCache: initialized (class org.apache.velocity.runtime.resource.ResourceCacheImpl) with class java.util.Collections$SynchronizedMap cache map.
2022-02-09 22:38:48,255 - Default ResourceManager initialization complete.
2022-02-09 22:38:48,258 - Loaded System Directive: org.apache.velocity.runtime.directive.Stop
2022-02-09 22:38:48,260 - Loaded System Directive: org.apache.velocity.runtime.directive.Define
2022-02-09 22:38:48,262 - Loaded System Directive: org.apache.velocity.runtime.directive.Break
2022-02-09 22:38:48,264 - Loaded System Directive: org.apache.velocity.runtime.directive.Evaluate
2022-02-09 22:38:48,266 - Loaded System Directive: org.apache.velocity.runtime.directive.Literal
2022-02-09 22:38:48,268 - Loaded System Directive: org.apache.velocity.runtime.directive.Macro
2022-02-09 22:38:48,270 - Loaded System Directive: org.apache.velocity.runtime.directive.Parse
2022-02-09 22:38:48,271 - Loaded System Directive: org.apache.velocity.runtime.directive.Include
2022-02-09 22:38:48,273 - Loaded System Directive: org.apache.velocity.runtime.directive.Foreach
2022-02-09 22:38:48,313 - Created '20' parsers.
2022-02-09 22:38:48,322 - Velocimacro : initialization starting.
2022-02-09 22:38:48,322 - Velocimacro : "velocimacro.library" is not set.  Trying default library: VM_global_library.vm
2022-02-09 22:38:48,323 - Could not load resource 'VM_global_library.vm' from ResourceLoader org.apache.velocity.runtime.resource.loader.ClasspathResourceLoader: ClasspathResourceLoader Error: cannot find resource VM_global_library.vm
2022-02-09 22:38:48,323 - Velocimacro : Default library not found.
2022-02-09 22:38:48,324 - Velocimacro : allowInline = true : VMs can be defined inline in templates
2022-02-09 22:38:48,324 - Velocimacro : allowInlineToOverride = false : VMs defined inline may NOT replace previous VM definitions
2022-02-09 22:38:48,324 - Velocimacro : allowInlineLocal = false : VMs defined inline will be global in scope if allowed.
2022-02-09 22:38:48,324 - Velocimacro : autoload off : VM system will not automatically reload global library macros
2022-02-09 22:38:48,324 - Velocimacro : Velocimacro : initialization complete.
2022-02-09 22:38:48,324 - RuntimeInstance successfully initialized.
2022-02-09 22:38:48,487 - ResourceManager : found templates/generators/errorpage.vm with loader org.apache.velocity.runtime.resource.loader.ClasspathResourceLoader
2022-02-09 22:38:48,493 - ResourceManager : found /templates/headers.vm with loader org.apache.velocity.runtime.resource.loader.ClasspathResourceLoader
2022-02-09 22:38:48,494 - ResourceManager : found /templates/head.vm with loader org.apache.velocity.runtime.resource.loader.ClasspathResourceLoader
2022-02-09 22:38:48,498 - Velocimacro : added VM stringArray: source=/templates/macros/array.js.vm
2022-02-09 22:38:48,498 - Velocimacro : added VM numberArray: source=/templates/macros/array.js.vm
2022-02-09 22:38:48,498 - ResourceManager : found /templates/macros/array.js.vm with loader org.apache.velocity.runtime.resource.loader.ClasspathResourceLoader
2022-02-09 22:38:48,501 - Velocimacro : added VM includeBuildInfo: source=/templates/macros/page/buildinfo.vm
2022-02-09 22:38:48,501 - ResourceManager : found /templates/macros/page/buildinfo.vm with loader org.apache.velocity.runtime.resource.loader.ClasspathResourceLoader
2022-02-09 22:38:48,508 - Velocimacro : added VM includeClassifications: source=/templates/macros/page/classifications.vm
2022-02-09 22:38:48,508 - ResourceManager : found /templates/macros/page/classifications.vm with loader org.apache.velocity.runtime.resource.loader.ClasspathResourceLoader
2022-02-09 22:38:48,511 - Velocimacro : added VM includeLead: source=/templates/macros/page/lead.vm
2022-02-09 22:38:48,511 - ResourceManager : found /templates/macros/page/lead.vm with loader org.apache.velocity.runtime.resource.loader.ClasspathResourceLoader
2022-02-09 22:38:48,516 - Velocimacro : added VM includeNavigation: source=/templates/macros/page/navigation.vm
2022-02-09 22:38:48,516 - ResourceManager : found /templates/macros/page/navigation.vm with loader org.apache.velocity.runtime.resource.loader.ClasspathResourceLoader
2022-02-09 22:38:48,521 - Velocimacro : added VM includeReportInfo: source=/templates/macros/page/reportInfo.vm
2022-02-09 22:38:48,521 - ResourceManager : found /templates/macros/page/reportInfo.vm with loader org.apache.velocity.runtime.resource.loader.ClasspathResourceLoader
2022-02-09 22:38:48,523 - Velocimacro : added VM includeTitle: source=/templates/macros/page/title.vm
2022-02-09 22:38:48,523 - ResourceManager : found /templates/macros/page/title.vm with loader org.apache.velocity.runtime.resource.loader.ClasspathResourceLoader
2022-02-09 22:38:48,525 - Velocimacro : added VM includeExpandingButtons: source=/templates/macros/report/expandAllButtons.vm
2022-02-09 22:38:48,525 - ResourceManager : found /templates/macros/report/expandAllButtons.vm with loader org.apache.velocity.runtime.resource.loader.ClasspathResourceLoader
2022-02-09 22:38:48,536 - Velocimacro : added VM includeReportTable: source=/templates/macros/report/reportTable.vm
2022-02-09 22:38:48,536 - ResourceManager : found /templates/macros/report/reportTable.vm with loader org.apache.velocity.runtime.resource.loader.ClasspathResourceLoader
2022-02-09 22:38:48,538 - Velocimacro : added VM includeReportHeader: source=/templates/macros/report/reportHeader.vm
2022-02-09 22:38:48,538 - ResourceManager : found /templates/macros/report/reportHeader.vm with loader org.apache.velocity.runtime.resource.loader.ClasspathResourceLoader
2022-02-09 22:38:48,552 - Velocimacro : added VM includeStatsTable: source=/templates/macros/report/statsTable.vm
2022-02-09 22:38:48,553 - ResourceManager : found /templates/macros/report/statsTable.vm with loader org.apache.velocity.runtime.resource.loader.ClasspathResourceLoader
2022-02-09 22:38:48,561 - Velocimacro : added VM includeBrief: source=/templates/macros/json/brief.vm
2022-02-09 22:38:48,561 - ResourceManager : found /templates/macros/json/brief.vm with loader org.apache.velocity.runtime.resource.loader.ClasspathResourceLoader
2022-02-09 22:38:48,566 - Velocimacro : added VM includeDocString: source=/templates/macros/json/docstring.vm
2022-02-09 22:38:48,566 - ResourceManager : found /templates/macros/json/docstring.vm with loader org.apache.velocity.runtime.resource.loader.ClasspathResourceLoader
2022-02-09 22:38:48,571 - Velocimacro : added VM includeDuration: source=/templates/macros/json/duration.vm
2022-02-09 22:38:48,571 - ResourceManager : found /templates/macros/json/duration.vm with loader org.apache.velocity.runtime.resource.loader.ClasspathResourceLoader
2022-02-09 22:38:48,577 - Velocimacro : added VM includeElement: source=/templates/macros/json/element.vm
2022-02-09 22:38:48,578 - ResourceManager : found /templates/macros/json/element.vm with loader org.apache.velocity.runtime.resource.loader.ClasspathResourceLoader
2022-02-09 22:38:48,593 - Velocimacro : added VM includeEmbeddings: source=/templates/macros/json/embeddings.vm
2022-02-09 22:38:48,593 - Velocimacro : added VM includeHtmlEmbedding: source=/templates/macros/json/embeddings.vm
2022-02-09 22:38:48,593 - Velocimacro : added VM includeVideoEmbedding: source=/templates/macros/json/embeddings.vm
2022-02-09 22:38:48,594 - Velocimacro : added VM includeImageEmbedding: source=/templates/macros/json/embeddings.vm
2022-02-09 22:38:48,594 - Velocimacro : added VM includeImageReferenceEmbedding: source=/templates/macros/json/embeddings.vm
2022-02-09 22:38:48,594 - Velocimacro : added VM includeTextEmbedding: source=/templates/macros/json/embeddings.vm
2022-02-09 22:38:48,594 - Velocimacro : added VM includeUnknownEmbedding: source=/templates/macros/json/embeddings.vm
2022-02-09 22:38:48,594 - ResourceManager : found /templates/macros/json/embeddings.vm with loader org.apache.velocity.runtime.resource.loader.ClasspathResourceLoader
2022-02-09 22:38:48,599 - Velocimacro : added VM includeHooks: source=/templates/macros/json/hooks.vm
2022-02-09 22:38:48,599 - ResourceManager : found /templates/macros/json/hooks.vm with loader org.apache.velocity.runtime.resource.loader.ClasspathResourceLoader
2022-02-09 22:38:48,603 - Velocimacro : added VM includeOutput: source=/templates/macros/json/output.vm
2022-02-09 22:38:48,603 - ResourceManager : found /templates/macros/json/output.vm with loader org.apache.velocity.runtime.resource.loader.ClasspathResourceLoader
2022-02-09 22:38:48,605 - Velocimacro : added VM includeMessage: source=/templates/macros/json/message.vm
2022-02-09 22:38:48,605 - ResourceManager : found /templates/macros/json/message.vm with loader org.apache.velocity.runtime.resource.loader.ClasspathResourceLoader
2022-02-09 22:38:48,609 - Velocimacro : added VM includeSteps: source=/templates/macros/json/steps.vm
2022-02-09 22:38:48,609 - ResourceManager : found /templates/macros/json/steps.vm with loader org.apache.velocity.runtime.resource.loader.ClasspathResourceLoader
2022-02-09 22:38:48,611 - Velocimacro : added VM includeStepName: source=/templates/macros/json/stepName.vm
2022-02-09 22:38:48,611 - ResourceManager : found /templates/macros/json/stepName.vm with loader org.apache.velocity.runtime.resource.loader.ClasspathResourceLoader
2022-02-09 22:38:48,613 - Velocimacro : added VM includeTags: source=/templates/macros/json/tags.vm
2022-02-09 22:38:48,613 - ResourceManager : found /templates/macros/json/tags.vm with loader org.apache.velocity.runtime.resource.loader.ClasspathResourceLoader
2022-02-09 22:38:48,632 - VM #includeNavigation: too few arguments to macro. Wanted 1 got 0
2022-02-09 22:38:48,633 - Left side ($active_tab) of '==' operation has null value. If it is a reference, it may not be in the context or its toString() returned null. /templates/macros/page/navigation.vm[line 14, column 51]
2022-02-09 22:38:48,633 - Left side ($active_tab) of '==' operation has null value. If it is a reference, it may not be in the context or its toString() returned null. /templates/macros/page/navigation.vm[line 15, column 51]
2022-02-09 22:38:48,633 - Left side ($active_tab) of '==' operation has null value. If it is a reference, it may not be in the context or its toString() returned null. /templates/macros/page/navigation.vm[line 16, column 51]
2022-02-09 22:38:48,633 - Left side ($active_tab) of '==' operation has null value. If it is a reference, it may not be in the context or its toString() returned null. /templates/macros/page/navigation.vm[line 20, column 51]
2022-02-09 22:38:48,661 - ResourceManager : found /templates/footer.vm with loader org.apache.velocity.runtime.resource.loader.ClasspathResourceLoader
